# JRE version: OpenJDK Runtime Environment (17.0.11+9) (build 17.0.11+9-Ubuntu-122.04.1)
# Java VM: OpenJDK 64-Bit Server VM (17.0.11+9-Ubuntu-122.04.1, mixed mode, sharing, tiered, compressed oops, compressed class ptrs, g1 gc, linux-amd64)
GC Precious Log:
 CPUs: 6 total, 6 available
 Memory: 39473M
 Large Page Support: Disabled
 NUMA Support: Disabled
 Compressed Oops: Enabled (Zero based)
 Heap Region Size: 8M
 Heap Min Capacity: 8M
 Heap Initial Capacity: 624M
 Heap Max Capacity: 9872M
 Pre-touch: Disabled
 Parallel Workers: 6
 Concurrent Workers: 2
 Concurrent Refinement Workers: 6
 Periodic GC: Disabled
Heap:
 garbage-first heap   total 1351680K, used 382601K [0x0000000597000000, 0x0000000800000000)
  region size 8192K, 18 young (147456K), 5 survivors (40960K)
 Metaspace       used 96385K, committed 97920K, reserved 1179648K
  class space    used 14221K, committed 14912K, reserved 1048576K
GC Heap History (20 events):
Event: 10.194 GC heap before
{Heap before GC invocations=16 (full 0):
 garbage-first heap   total 409600K, used 135566K [0x0000000597000000, 0x0000000800000000)
  region size 8192K, 5 young (40960K), 4 survivors (32768K)
 Metaspace       used 46531K, committed 47744K, reserved 1114112K
  class space    used 5868K, committed 6400K, reserved 1048576K
}
Event: 10.213 GC heap after
{Heap after GC invocations=17 (full 0):
 garbage-first heap   total 409600K, used 127353K [0x0000000597000000, 0x0000000800000000)
  region size 8192K, 1 young (8192K), 1 survivors (8192K)
 Metaspace       used 46531K, committed 47744K, reserved 1114112K
  class space    used 5868K, committed 6400K, reserved 1048576K
}
Event: 10.777 GC heap before
{Heap before GC invocations=17 (full 0):
 garbage-first heap   total 409600K, used 315769K [0x0000000597000000, 0x0000000800000000)
  region size 8192K, 24 young (196608K), 1 survivors (8192K)
 Metaspace       used 47902K, committed 49088K, reserved 1114112K
  class space    used 6102K, committed 6656K, reserved 1048576K
}
Event: 10.790 GC heap after
{Heap after GC invocations=18 (full 0):
 garbage-first heap   total 409600K, used 145936K [0x0000000597000000, 0x0000000800000000)
  region size 8192K, 3 young (24576K), 3 survivors (24576K)
 Metaspace       used 47902K, committed 49088K, reserved 1114112K
  class space    used 6102K, committed 6656K, reserved 1048576K
}
Event: 11.842 GC heap before
{Heap before GC invocations=18 (full 0):
 garbage-first heap   total 409600K, used 309776K [0x0000000597000000, 0x0000000800000000)
  region size 8192K, 23 young (188416K), 3 survivors (24576K)
 Metaspace       used 52538K, committed 53824K, reserved 1114112K
  class space    used 6773K, committed 7360K, reserved 1048576K
}
Event: 11.901 GC heap after
{Heap after GC invocations=19 (full 0):
 garbage-first heap   total 925696K, used 168914K [0x0000000597000000, 0x0000000800000000)
  region size 8192K, 3 young (24576K), 3 survivors (24576K)
 Metaspace       used 52538K, committed 53824K, reserved 1114112K
  class space    used 6773K, committed 7360K, reserved 1048576K
}
Event: 15.291 GC heap before
{Heap before GC invocations=19 (full 0):
 garbage-first heap   total 925696K, used 299986K [0x0000000597000000, 0x0000000800000000)
  region size 8192K, 20 young (163840K), 3 survivors (24576K)
 Metaspace       used 59501K, committed 60736K, reserved 1114112K
  class space    used 8378K, committed 8960K, reserved 1048576K
}
Event: 15.346 GC heap after
{Heap after GC invocations=20 (full 0):
 garbage-first heap   total 925696K, used 178602K [0x0000000597000000, 0x0000000800000000)
  region size 8192K, 4 young (32768K), 4 survivors (32768K)
 Metaspace       used 59501K, committed 60736K, reserved 1114112K
  class space    used 8378K, committed 8960K, reserved 1048576K
}
Event: 23.546 GC heap before
{Heap before GC invocations=21 (full 0):
 garbage-first heap   total 688128K, used 555434K [0x0000000597000000, 0x0000000800000000)
  region size 8192K, 50 young (409600K), 4 survivors (32768K)
 Metaspace       used 86908K, committed 88384K, reserved 1179648K
  class space    used 12791K, committed 13440K, reserved 1048576K
}
Event: 23.574 GC heap after
{Heap after GC invocations=22 (full 0):
 garbage-first heap   total 688128K, used 197311K [0x0000000597000000, 0x0000000800000000)
  region size 8192K, 4 young (32768K), 4 survivors (32768K)
 Metaspace       used 86908K, committed 88384K, reserved 1179648K
  class space    used 12791K, committed 13440K, reserved 1048576K
}
Event: 23.642 GC heap before
{Heap before GC invocations=22 (full 0):
 garbage-first heap   total 688128K, used 197311K [0x0000000597000000, 0x0000000800000000)
  region size 8192K, 5 young (40960K), 4 survivors (32768K)
 Metaspace       used 87298K, committed 88768K, reserved 1179648K
  class space    used 12839K, committed 13504K, reserved 1048576K
}
Event: 23.661 GC heap after
{Heap after GC invocations=23 (full 0):
 garbage-first heap   total 688128K, used 200966K [0x0000000597000000, 0x0000000800000000)
  region size 8192K, 1 young (8192K), 1 survivors (8192K)
 Metaspace       used 87298K, committed 88768K, reserved 1179648K
  class space    used 12839K, committed 13504K, reserved 1048576K
}
Event: 24.971 GC heap before
{Heap before GC invocations=23 (full 0):
 garbage-first heap   total 688128K, used 520454K [0x0000000597000000, 0x0000000800000000)
  region size 8192K, 40 young (327680K), 1 survivors (8192K)
 Metaspace       used 92230K, committed 93696K, reserved 1179648K
  class space    used 13686K, committed 14336K, reserved 1048576K
}
Event: 24.998 GC heap after
{Heap after GC invocations=24 (full 0):
 garbage-first heap   total 688128K, used 218123K [0x0000000597000000, 0x0000000800000000)
  region size 8192K, 3 young (24576K), 3 survivors (24576K)
 Metaspace       used 92230K, committed 93696K, reserved 1179648K
  class space    used 13686K, committed 14336K, reserved 1048576K
}
Event: 25.987 GC heap before
{Heap before GC invocations=25 (full 0):
 garbage-first heap   total 688128K, used 529419K [0x0000000597000000, 0x0000000800000000)
  region size 8192K, 41 young (335872K), 3 survivors (24576K)
 Metaspace       used 94870K, committed 96384K, reserved 1179648K
  class space    used 14061K, committed 14720K, reserved 1048576K
}
Event: 26.008 GC heap after
{Heap after GC invocations=26 (full 0):
 garbage-first heap   total 688128K, used 227251K [0x0000000597000000, 0x0000000800000000)
  region size 8192K, 4 young (32768K), 4 survivors (32768K)
 Metaspace       used 94870K, committed 96384K, reserved 1179648K
  class space    used 14061K, committed 14720K, reserved 1048576K
}
Event: 27.197 GC heap before
{Heap before GC invocations=26 (full 0):
 garbage-first heap   total 688128K, used 538547K [0x0000000597000000, 0x0000000800000000)
  region size 8192K, 42 young (344064K), 4 survivors (32768K)
 Metaspace       used 95484K, committed 97024K, reserved 1179648K
  class space    used 14113K, committed 14784K, reserved 1048576K
}
Event: 27.236 GC heap after
{Heap after GC invocations=27 (full 0):
 garbage-first heap   total 688128K, used 246861K [0x0000000597000000, 0x0000000800000000)
  region size 8192K, 4 young (32768K), 4 survivors (32768K)
 Metaspace       used 95484K, committed 97024K, reserved 1179648K
  class space    used 14113K, committed 14784K, reserved 1048576K
}
Event: 28.681 GC heap before
{Heap before GC invocations=27 (full 0):
 garbage-first heap   total 688128K, used 533581K [0x0000000597000000, 0x0000000800000000)
  region size 8192K, 39 young (319488K), 4 survivors (32768K)
 Metaspace       used 96076K, committed 97600K, reserved 1179648K
  class space    used 14180K, committed 14848K, reserved 1048576K
}
Event: 28.730 GC heap after
{Heap after GC invocations=28 (full 0):
 garbage-first heap   total 1351680K, used 284297K [0x0000000597000000, 0x0000000800000000)
  region size 8192K, 5 young (40960K), 5 survivors (40960K)
 Metaspace       used 96076K, committed 97600K, reserved 1179648K
  class space    used 14180K, committed 14848K, reserved 1048576K
}

