# JRE version: OpenJDK Runtime Environment (17.0.11+9) (build 17.0.11+9-Ubuntu-122.04.1)
# Java VM: OpenJDK 64-Bit Server VM (17.0.11+9-Ubuntu-122.04.1, mixed mode, sharing, tiered, compressed oops, compressed class ptrs, g1 gc, linux-amd64)
Heap:
 garbage-first heap   total 1376256K, used 434325K [0x0000000597000000, 0x0000000800000000)
  region size 8192K, 24 young (196608K), 5 survivors (40960K)
 Metaspace       used 96376K, committed 97920K, reserved 1179648K
  class space    used 14199K, committed 14912K, reserved 1048576K
GC Heap History (20 events):
Event: 7.289 GC heap before
{Heap before GC invocations=15 (full 0):
 garbage-first heap   total 409600K, used 134061K [0x0000000597000000, 0x0000000800000000)
  region size 8192K, 5 young (40960K), 4 survivors (32768K)
 Metaspace       used 46686K, committed 47872K, reserved 1114112K
  class space    used 5871K, committed 6400K, reserved 1048576K
}
Event: 7.302 GC heap after
{Heap after GC invocations=16 (full 0):
 garbage-first heap   total 409600K, used 127228K [0x0000000597000000, 0x0000000800000000)
  region size 8192K, 1 young (8192K), 1 survivors (8192K)
 Metaspace       used 46686K, committed 47872K, reserved 1114112K
  class space    used 5871K, committed 6400K, reserved 1048576K
}
Event: 8.014 GC heap before
{Heap before GC invocations=16 (full 0):
 garbage-first heap   total 409600K, used 315644K [0x0000000597000000, 0x0000000800000000)
  region size 8192K, 24 young (196608K), 1 survivors (8192K)
 Metaspace       used 48084K, committed 49280K, reserved 1114112K
  class space    used 6104K, committed 6656K, reserved 1048576K
}
Event: 8.028 GC heap after
{Heap after GC invocations=17 (full 0):
 garbage-first heap   total 409600K, used 144940K [0x0000000597000000, 0x0000000800000000)
  region size 8192K, 3 young (24576K), 3 survivors (24576K)
 Metaspace       used 48084K, committed 49280K, reserved 1114112K
  class space    used 6104K, committed 6656K, reserved 1048576K
}
Event: 8.753 GC heap before
{Heap before GC invocations=17 (full 0):
 garbage-first heap   total 409600K, used 308780K [0x0000000597000000, 0x0000000800000000)
  region size 8192K, 23 young (188416K), 3 survivors (24576K)
 Metaspace       used 52660K, committed 53888K, reserved 1114112K
  class space    used 6768K, committed 7296K, reserved 1048576K
}
Event: 8.777 GC heap after
{Heap after GC invocations=18 (full 0):
 garbage-first heap   total 860160K, used 166721K [0x0000000597000000, 0x0000000800000000)
  region size 8192K, 3 young (24576K), 3 survivors (24576K)
 Metaspace       used 52660K, committed 53888K, reserved 1114112K
  class space    used 6768K, committed 7296K, reserved 1048576K
}
Event: 9.849 GC heap before
{Heap before GC invocations=18 (full 0):
 garbage-first heap   total 860160K, used 297793K [0x0000000597000000, 0x0000000800000000)
  region size 8192K, 20 young (163840K), 3 survivors (24576K)
 Metaspace       used 59393K, committed 60608K, reserved 1114112K
  class space    used 8340K, committed 8896K, reserved 1048576K
}
Event: 9.873 GC heap after
{Heap after GC invocations=19 (full 0):
 garbage-first heap   total 860160K, used 176439K [0x0000000597000000, 0x0000000800000000)
  region size 8192K, 4 young (32768K), 4 survivors (32768K)
 Metaspace       used 59393K, committed 60608K, reserved 1114112K
  class space    used 8340K, committed 8896K, reserved 1048576K
}
Event: 13.500 GC heap before
{Heap before GC invocations=20 (full 0):
 garbage-first heap   total 688128K, used 553271K [0x0000000597000000, 0x0000000800000000)
  region size 8192K, 50 young (409600K), 4 survivors (32768K)
 Metaspace       used 86668K, committed 88128K, reserved 1179648K
  class space    used 12734K, committed 13376K, reserved 1048576K
}
Event: 13.530 GC heap after
{Heap after GC invocations=21 (full 0):
 garbage-first heap   total 688128K, used 196249K [0x0000000597000000, 0x0000000800000000)
  region size 8192K, 4 young (32768K), 4 survivors (32768K)
 Metaspace       used 86668K, committed 88128K, reserved 1179648K
  class space    used 12734K, committed 13376K, reserved 1048576K
}
Event: 13.593 GC heap before
{Heap before GC invocations=21 (full 0):
 garbage-first heap   total 688128K, used 204441K [0x0000000597000000, 0x0000000800000000)
  region size 8192K, 5 young (40960K), 4 survivors (32768K)
 Metaspace       used 87082K, committed 88576K, reserved 1179648K
  class space    used 12779K, committed 13440K, reserved 1048576K
}
Event: 13.628 GC heap after
{Heap after GC invocations=22 (full 0):
 garbage-first heap   total 688128K, used 199620K [0x0000000597000000, 0x0000000800000000)
  region size 8192K, 1 young (8192K), 1 survivors (8192K)
 Metaspace       used 87082K, committed 88576K, reserved 1179648K
  class space    used 12779K, committed 13440K, reserved 1048576K
}
Event: 14.593 GC heap before
{Heap before GC invocations=22 (full 0):
 garbage-first heap   total 688128K, used 502724K [0x0000000597000000, 0x0000000800000000)
  region size 8192K, 38 young (311296K), 1 survivors (8192K)
 Metaspace       used 92220K, committed 93696K, reserved 1179648K
  class space    used 13667K, committed 14336K, reserved 1048576K
}
Event: 14.607 GC heap after
{Heap after GC invocations=23 (full 0):
 garbage-first heap   total 688128K, used 214630K [0x0000000597000000, 0x0000000800000000)
  region size 8192K, 3 young (24576K), 3 survivors (24576K)
 Metaspace       used 92220K, committed 93696K, reserved 1179648K
  class space    used 13667K, committed 14336K, reserved 1048576K
}
Event: 15.248 GC heap before
{Heap before GC invocations=24 (full 0):
 garbage-first heap   total 688128K, used 501350K [0x0000000597000000, 0x0000000800000000)
  region size 8192K, 39 young (319488K), 3 survivors (24576K)
 Metaspace       used 94783K, committed 96256K, reserved 1179648K
  class space    used 14033K, committed 14656K, reserved 1048576K
}
Event: 15.263 GC heap after
{Heap after GC invocations=25 (full 0):
 garbage-first heap   total 688128K, used 225613K [0x0000000597000000, 0x0000000800000000)
  region size 8192K, 4 young (32768K), 4 survivors (32768K)
 Metaspace       used 94783K, committed 96256K, reserved 1179648K
  class space    used 14033K, committed 14656K, reserved 1048576K
}
Event: 15.930 GC heap before
{Heap before GC invocations=25 (full 0):
 garbage-first heap   total 688128K, used 520525K [0x0000000597000000, 0x0000000800000000)
  region size 8192K, 40 young (327680K), 4 survivors (32768K)
 Metaspace       used 95473K, committed 97024K, reserved 1179648K
  class space    used 14098K, committed 14784K, reserved 1048576K
}
Event: 15.957 GC heap after
{Heap after GC invocations=26 (full 0):
 garbage-first heap   total 688128K, used 241328K [0x0000000597000000, 0x0000000800000000)
  region size 8192K, 4 young (32768K), 4 survivors (32768K)
 Metaspace       used 95473K, committed 97024K, reserved 1179648K
  class space    used 14098K, committed 14784K, reserved 1048576K
}
Event: 17.132 GC heap before
{Heap before GC invocations=26 (full 0):
 garbage-first heap   total 688128K, used 528048K [0x0000000597000000, 0x0000000800000000)
  region size 8192K, 39 young (319488K), 4 survivors (32768K)
 Metaspace       used 96070K, committed 97600K, reserved 1179648K
  class space    used 14163K, committed 14848K, reserved 1048576K
}
Event: 17.167 GC heap after
{Heap after GC invocations=27 (full 0):
 garbage-first heap   total 1376256K, used 279692K [0x0000000597000000, 0x0000000800000000)
  region size 8192K, 5 young (40960K), 5 survivors (40960K)
 Metaspace       used 96070K, committed 97600K, reserved 1179648K
  class space    used 14163K, committed 14848K, reserved 1048576K
}

