# JRE version: OpenJDK Runtime Environment (17.0.11+9) (build 17.0.11+9-Ubuntu-122.04.1)
# Java VM: OpenJDK 64-Bit Server VM (17.0.11+9-Ubuntu-122.04.1, mixed mode, sharing, tiered, compressed oops, compressed class ptrs, g1 gc, linux-amd64)
GC Precious Log:
 CPUs: 6 total, 6 available
 Memory: 39473M
 Large Page Support: Disabled
 NUMA Support: Disabled
 Compressed Oops: Enabled (Zero based)
 Heap Region Size: 8M
 Heap Min Capacity: 8M
 Heap Initial Capacity: 624M
 Heap Max Capacity: 9872M
 Pre-touch: Disabled
 Parallel Workers: 6
 Concurrent Workers: 2
 Concurrent Refinement Workers: 6
 Periodic GC: Disabled
Heap:
 garbage-first heap   total 884736K, used 660395K [0x0000000597000000, 0x0000000800000000)
  region size 8192K, 59 young (483328K), 6 survivors (49152K)
 Metaspace       used 96498K, committed 98048K, reserved 1179648K
  class space    used 14242K, committed 14976K, reserved 1048576K
GC Heap History (20 events):
Event: 8.035 GC heap before
{Heap before GC invocations=15 (full 0):
 garbage-first heap   total 442368K, used 351414K [0x0000000597000000, 0x0000000800000000)
  region size 8192K, 32 young (262144K), 3 survivors (24576K)
 Metaspace       used 46633K, committed 47808K, reserved 1114112K
  class space    used 5873K, committed 6400K, reserved 1048576K
}
Event: 8.051 GC heap after
{Heap after GC invocations=16 (full 0):
 garbage-first heap   total 442368K, used 125676K [0x0000000597000000, 0x0000000800000000)
  region size 8192K, 4 young (32768K), 4 survivors (32768K)
 Metaspace       used 46633K, committed 47808K, reserved 1114112K
  class space    used 5873K, committed 6400K, reserved 1048576K
}
Event: 8.071 GC heap before
{Heap before GC invocations=16 (full 0):
 garbage-first heap   total 442368K, used 133868K [0x0000000597000000, 0x0000000800000000)
  region size 8192K, 5 young (40960K), 4 survivors (32768K)
 Metaspace       used 46645K, committed 47872K, reserved 1114112K
  class space    used 5875K, committed 6400K, reserved 1048576K
}
Event: 8.086 GC heap after
{Heap after GC invocations=17 (full 0):
 garbage-first heap   total 442368K, used 126507K [0x0000000597000000, 0x0000000800000000)
  region size 8192K, 1 young (8192K), 1 survivors (8192K)
 Metaspace       used 46645K, committed 47872K, reserved 1114112K
  class space    used 5875K, committed 6400K, reserved 1048576K
}
Event: 8.710 GC heap before
{Heap before GC invocations=17 (full 0):
 garbage-first heap   total 442368K, used 347691K [0x0000000597000000, 0x0000000800000000)
  region size 8192K, 28 young (229376K), 1 survivors (8192K)
 Metaspace       used 48334K, committed 49600K, reserved 1114112K
  class space    used 6143K, committed 6720K, reserved 1048576K
}
Event: 8.729 GC heap after
{Heap after GC invocations=18 (full 0):
 garbage-first heap   total 442368K, used 147525K [0x0000000597000000, 0x0000000800000000)
  region size 8192K, 4 young (32768K), 4 survivors (32768K)
 Metaspace       used 48334K, committed 49600K, reserved 1114112K
  class space    used 6143K, committed 6720K, reserved 1048576K
}
Event: 9.795 GC heap before
{Heap before GC invocations=18 (full 0):
 garbage-first heap   total 442368K, used 335941K [0x0000000597000000, 0x0000000800000000)
  region size 8192K, 27 young (221184K), 4 survivors (32768K)
 Metaspace       used 55140K, committed 56320K, reserved 1114112K
  class space    used 7280K, committed 7808K, reserved 1048576K
}
Event: 9.817 GC heap after
{Heap after GC invocations=19 (full 0):
 garbage-first heap   total 442368K, used 175267K [0x0000000597000000, 0x0000000800000000)
  region size 8192K, 4 young (32768K), 4 survivors (32768K)
 Metaspace       used 55140K, committed 56320K, reserved 1114112K
  class space    used 7280K, committed 7808K, reserved 1048576K
}
Event: 10.427 GC heap before
{Heap before GC invocations=19 (full 0):
 garbage-first heap   total 442368K, used 257187K [0x0000000597000000, 0x0000000800000000)
  region size 8192K, 15 young (122880K), 4 survivors (32768K)
 Metaspace       used 59494K, committed 60736K, reserved 1114112K
  class space    used 8371K, committed 8896K, reserved 1048576K
}
Event: 10.440 GC heap after
{Heap after GC invocations=20 (full 0):
 garbage-first heap   total 442368K, used 180962K [0x0000000597000000, 0x0000000800000000)
  region size 8192K, 1 young (8192K), 1 survivors (8192K)
 Metaspace       used 59494K, committed 60736K, reserved 1114112K
  class space    used 8371K, committed 8896K, reserved 1048576K
}
Event: 11.906 GC heap before
{Heap before GC invocations=21 (full 0):
 garbage-first heap   total 442368K, used 336610K [0x0000000597000000, 0x0000000800000000)
  region size 8192K, 20 young (163840K), 1 survivors (8192K)
 Metaspace       used 70085K, committed 71424K, reserved 1114112K
  class space    used 10230K, committed 10816K, reserved 1048576K
}
Event: 11.913 GC heap after
{Heap after GC invocations=22 (full 0):
 garbage-first heap   total 442368K, used 186207K [0x0000000597000000, 0x0000000800000000)
  region size 8192K, 2 young (16384K), 2 survivors (16384K)
 Metaspace       used 70085K, committed 71424K, reserved 1114112K
  class space    used 10230K, committed 10816K, reserved 1048576K
}
Event: 13.466 GC heap before
{Heap before GC invocations=23 (full 0):
 garbage-first heap   total 442368K, used 333663K [0x0000000597000000, 0x0000000800000000)
  region size 8192K, 20 young (163840K), 2 survivors (16384K)
 Metaspace       used 83377K, committed 84800K, reserved 1179648K
  class space    used 12189K, committed 12800K, reserved 1048576K
}
Event: 13.481 GC heap after
{Heap after GC invocations=24 (full 0):
 garbage-first heap   total 442368K, used 195169K [0x0000000597000000, 0x0000000800000000)
  region size 8192K, 3 young (24576K), 3 survivors (24576K)
 Metaspace       used 83377K, committed 84800K, reserved 1179648K
  class space    used 12189K, committed 12800K, reserved 1048576K
}
Event: 13.598 GC heap before
{Heap before GC invocations=24 (full 0):
 garbage-first heap   total 442368K, used 203361K [0x0000000597000000, 0x0000000800000000)
  region size 8192K, 4 young (32768K), 3 survivors (24576K)
 Metaspace       used 83900K, committed 85312K, reserved 1179648K
  class space    used 12286K, committed 12928K, reserved 1048576K
}
Event: 13.615 GC heap after
{Heap after GC invocations=25 (full 0):
 garbage-first heap   total 884736K, used 195954K [0x0000000597000000, 0x0000000800000000)
  region size 8192K, 1 young (8192K), 1 survivors (8192K)
 Metaspace       used 83900K, committed 85312K, reserved 1179648K
  class space    used 12286K, committed 12928K, reserved 1048576K
}
Event: 15.439 GC heap before
{Heap before GC invocations=25 (full 0):
 garbage-first heap   total 884736K, used 662898K [0x0000000597000000, 0x0000000800000000)
  region size 8192K, 58 young (475136K), 1 survivors (8192K)
 Metaspace       used 93776K, committed 95296K, reserved 1179648K
  class space    used 13905K, committed 14592K, reserved 1048576K
}
Event: 15.453 GC heap after
{Heap after GC invocations=26 (full 0):
 garbage-first heap   total 884736K, used 218605K [0x0000000597000000, 0x0000000800000000)
  region size 8192K, 4 young (32768K), 4 survivors (32768K)
 Metaspace       used 93776K, committed 95296K, reserved 1179648K
  class space    used 13905K, committed 14592K, reserved 1048576K
}
Event: 16.556 GC heap before
{Heap before GC invocations=26 (full 0):
 garbage-first heap   total 884736K, used 685549K [0x0000000597000000, 0x0000000800000000)
  region size 8192K, 61 young (499712K), 4 survivors (32768K)
 Metaspace       used 95477K, committed 97024K, reserved 1179648K
  class space    used 14131K, committed 14848K, reserved 1048576K
}
Event: 16.576 GC heap after
{Heap after GC invocations=27 (full 0):
 garbage-first heap   total 884736K, used 234411K [0x0000000597000000, 0x0000000800000000)
  region size 8192K, 6 young (49152K), 6 survivors (49152K)
 Metaspace       used 95477K, committed 97024K, reserved 1179648K
  class space    used 14131K, committed 14848K, reserved 1048576K
}

