# JRE version: OpenJDK Runtime Environment (17.0.11+9) (build 17.0.11+9-Ubuntu-122.04.1)
# Java VM: OpenJDK 64-Bit Server VM (17.0.11+9-Ubuntu-122.04.1, mixed mode, sharing, tiered, compressed oops, compressed class ptrs, g1 gc, linux-amd64)
Heap:
 garbage-first heap   total 688128K, used 356960K [0x0000000597000000, 0x0000000800000000)
  region size 8192K, 14 young (114688K), 5 survivors (40960K)
 Metaspace       used 96256K, committed 97792K, reserved 1179648K
  class space    used 14202K, committed 14912K, reserved 1048576K
GC Heap History (20 events):
Event: 7.379 GC heap before
{Heap before GC invocations=16 (full 0):
 garbage-first heap   total 466944K, used 130312K [0x0000000597000000, 0x0000000800000000)
  region size 8192K, 5 young (40960K), 4 survivors (32768K)
 Metaspace       used 45751K, committed 46912K, reserved 1114112K
  class space    used 5721K, committed 6272K, reserved 1048576K
}
Event: 7.396 GC heap after
{Heap after GC invocations=17 (full 0):
 garbage-first heap   total 466944K, used 121135K [0x0000000597000000, 0x0000000800000000)
  region size 8192K, 1 young (8192K), 1 survivors (8192K)
 Metaspace       used 45751K, committed 46912K, reserved 1114112K
  class space    used 5721K, committed 6272K, reserved 1048576K
}
Event: 8.233 GC heap before
{Heap before GC invocations=17 (full 0):
 garbage-first heap   total 466944K, used 366895K [0x0000000597000000, 0x0000000800000000)
  region size 8192K, 31 young (253952K), 1 survivors (8192K)
 Metaspace       used 48007K, committed 49216K, reserved 1114112K
  class space    used 6104K, committed 6656K, reserved 1048576K
}
Event: 8.253 GC heap after
{Heap after GC invocations=18 (full 0):
 garbage-first heap   total 466944K, used 146791K [0x0000000597000000, 0x0000000800000000)
  region size 8192K, 4 young (32768K), 4 survivors (32768K)
 Metaspace       used 48007K, committed 49216K, reserved 1114112K
  class space    used 6104K, committed 6656K, reserved 1048576K
}
Event: 9.495 GC heap before
{Heap before GC invocations=18 (full 0):
 garbage-first heap   total 466944K, used 359783K [0x0000000597000000, 0x0000000800000000)
  region size 8192K, 30 young (245760K), 4 survivors (32768K)
 Metaspace       used 55420K, committed 56704K, reserved 1114112K
  class space    used 7369K, committed 7936K, reserved 1048576K
}
Event: 9.520 GC heap after
{Heap after GC invocations=19 (full 0):
 garbage-first heap   total 466944K, used 176399K [0x0000000597000000, 0x0000000800000000)
  region size 8192K, 4 young (32768K), 4 survivors (32768K)
 Metaspace       used 55420K, committed 56704K, reserved 1114112K
  class space    used 7369K, committed 7936K, reserved 1048576K
}
Event: 10.110 GC heap before
{Heap before GC invocations=19 (full 0):
 garbage-first heap   total 466944K, used 250127K [0x0000000597000000, 0x0000000800000000)
  region size 8192K, 14 young (114688K), 4 survivors (32768K)
 Metaspace       used 59413K, committed 60608K, reserved 1114112K
  class space    used 8360K, committed 8896K, reserved 1048576K
}
Event: 10.123 GC heap after
{Heap after GC invocations=20 (full 0):
 garbage-first heap   total 933888K, used 180958K [0x0000000597000000, 0x0000000800000000)
  region size 8192K, 1 young (8192K), 1 survivors (8192K)
 Metaspace       used 59413K, committed 60608K, reserved 1114112K
  class space    used 8360K, committed 8896K, reserved 1048576K
}
Event: 13.837 GC heap before
{Heap before GC invocations=21 (full 0):
 garbage-first heap   total 688128K, used 574174K [0x0000000597000000, 0x0000000800000000)
  region size 8192K, 50 young (409600K), 1 survivors (8192K)
 Metaspace       used 87831K, committed 89344K, reserved 1179648K
  class space    used 12917K, committed 13568K, reserved 1048576K
}
Event: 13.854 GC heap after
{Heap after GC invocations=22 (full 0):
 garbage-first heap   total 688128K, used 195288K [0x0000000597000000, 0x0000000800000000)
  region size 8192K, 3 young (24576K), 3 survivors (24576K)
 Metaspace       used 87831K, committed 89344K, reserved 1179648K
  class space    used 12917K, committed 13568K, reserved 1048576K
}
Event: 13.912 GC heap before
{Heap before GC invocations=22 (full 0):
 garbage-first heap   total 688128K, used 203480K [0x0000000597000000, 0x0000000800000000)
  region size 8192K, 4 young (32768K), 3 survivors (24576K)
 Metaspace       used 88166K, committed 89664K, reserved 1179648K
  class space    used 12981K, committed 13632K, reserved 1048576K
}
Event: 13.926 GC heap after
{Heap after GC invocations=23 (full 0):
 garbage-first heap   total 688128K, used 198034K [0x0000000597000000, 0x0000000800000000)
  region size 8192K, 1 young (8192K), 1 survivors (8192K)
 Metaspace       used 88166K, committed 89664K, reserved 1179648K
  class space    used 12981K, committed 13632K, reserved 1048576K
}
Event: 14.762 GC heap before
{Heap before GC invocations=23 (full 0):
 garbage-first heap   total 688128K, used 533906K [0x0000000597000000, 0x0000000800000000)
  region size 8192K, 42 young (344064K), 1 survivors (8192K)
 Metaspace       used 93879K, committed 95424K, reserved 1179648K
  class space    used 13897K, committed 14592K, reserved 1048576K
}
Event: 14.777 GC heap after
{Heap after GC invocations=24 (full 0):
 garbage-first heap   total 688128K, used 217688K [0x0000000597000000, 0x0000000800000000)
  region size 8192K, 3 young (24576K), 3 survivors (24576K)
 Metaspace       used 93879K, committed 95424K, reserved 1179648K
  class space    used 13897K, committed 14592K, reserved 1048576K
}
Event: 15.464 GC heap before
{Heap before GC invocations=25 (full 0):
 garbage-first heap   total 688128K, used 528984K [0x0000000597000000, 0x0000000800000000)
  region size 8192K, 42 young (344064K), 3 survivors (24576K)
 Metaspace       used 94900K, committed 96448K, reserved 1179648K
  class space    used 14061K, committed 14784K, reserved 1048576K
}
Event: 15.478 GC heap after
{Heap after GC invocations=26 (full 0):
 garbage-first heap   total 688128K, used 228120K [0x0000000597000000, 0x0000000800000000)
  region size 8192K, 5 young (40960K), 5 survivors (40960K)
 Metaspace       used 94900K, committed 96448K, reserved 1179648K
  class space    used 14061K, committed 14784K, reserved 1048576K
}
Event: 16.213 GC heap before
{Heap before GC invocations=26 (full 0):
 garbage-first heap   total 688128K, used 539416K [0x0000000597000000, 0x0000000800000000)
  region size 8192K, 43 young (352256K), 5 survivors (40960K)
 Metaspace       used 95384K, committed 97024K, reserved 1179648K
  class space    used 14102K, committed 14848K, reserved 1048576K
}
Event: 16.241 GC heap after
{Heap after GC invocations=27 (full 0):
 garbage-first heap   total 688128K, used 251863K [0x0000000597000000, 0x0000000800000000)
  region size 8192K, 5 young (40960K), 5 survivors (40960K)
 Metaspace       used 95384K, committed 97024K, reserved 1179648K
  class space    used 14102K, committed 14848K, reserved 1048576K
}
Event: 17.541 GC heap before
{Heap before GC invocations=27 (full 0):
 garbage-first heap   total 688128K, used 538583K [0x0000000597000000, 0x0000000800000000)
  region size 8192K, 40 young (327680K), 5 survivors (40960K)
 Metaspace       used 95996K, committed 97600K, reserved 1179648K
  class space    used 14168K, committed 14912K, reserved 1048576K
}
Event: 17.578 GC heap after
{Heap after GC invocations=28 (full 0):
 garbage-first heap   total 688128K, used 289319K [0x0000000597000000, 0x0000000800000000)
  region size 8192K, 5 young (40960K), 5 survivors (40960K)
 Metaspace       used 95996K, committed 97600K, reserved 1179648K
  class space    used 14168K, committed 14912K, reserved 1048576K
}

