# JRE version: OpenJDK Runtime Environment (17.0.11+9) (build 17.0.11+9-Ubuntu-122.04.1)
# Java VM: OpenJDK 64-Bit Server VM (17.0.11+9-Ubuntu-122.04.1, mixed mode, sharing, tiered, compressed oops, compressed class ptrs, g1 gc, linux-amd64)
GC Precious Log:
 CPUs: 6 total, 6 available
 Memory: 39471M
 Large Page Support: Disabled
 NUMA Support: Disabled
 Compressed Oops: Enabled (Zero based)
 Heap Region Size: 8M
 Heap Min Capacity: 8M
 Heap Initial Capacity: 624M
 Heap Max Capacity: 9872M
 Pre-touch: Disabled
 Parallel Workers: 6
 Concurrent Workers: 2
 Concurrent Refinement Workers: 6
 Periodic GC: Disabled
Heap:
 garbage-first heap   total 712704K, used 357129K [0x0000000597000000, 0x0000000800000000)
  region size 8192K, 16 young (131072K), 6 survivors (49152K)
 Metaspace       used 96343K, committed 97920K, reserved 1179648K
  class space    used 14204K, committed 14912K, reserved 1048576K
GC Heap History (20 events):
Event: 7.911 GC heap before
{Heap before GC invocations=16 (full 0):
 garbage-first heap   total 409600K, used 135387K [0x0000000597000000, 0x0000000800000000)
  region size 8192K, 5 young (40960K), 4 survivors (32768K)
 Metaspace       used 46667K, committed 47872K, reserved 1114112K
  class space    used 5876K, committed 6400K, reserved 1048576K
}
Event: 7.926 GC heap after
{Heap after GC invocations=17 (full 0):
 garbage-first heap   total 409600K, used 125942K [0x0000000597000000, 0x0000000800000000)
  region size 8192K, 1 young (8192K), 1 survivors (8192K)
 Metaspace       used 46667K, committed 47872K, reserved 1114112K
  class space    used 5876K, committed 6400K, reserved 1048576K
}
Event: 8.469 GC heap before
{Heap before GC invocations=17 (full 0):
 garbage-first heap   total 409600K, used 314358K [0x0000000597000000, 0x0000000800000000)
  region size 8192K, 24 young (196608K), 1 survivors (8192K)
 Metaspace       used 48057K, committed 49280K, reserved 1114112K
  class space    used 6107K, committed 6656K, reserved 1048576K
}
Event: 8.482 GC heap after
{Heap after GC invocations=18 (full 0):
 garbage-first heap   total 409600K, used 145877K [0x0000000597000000, 0x0000000800000000)
  region size 8192K, 3 young (24576K), 3 survivors (24576K)
 Metaspace       used 48057K, committed 49280K, reserved 1114112K
  class space    used 6107K, committed 6656K, reserved 1048576K
}
Event: 9.164 GC heap before
{Heap before GC invocations=18 (full 0):
 garbage-first heap   total 409600K, used 301525K [0x0000000597000000, 0x0000000800000000)
  region size 8192K, 23 young (188416K), 3 survivors (24576K)
 Metaspace       used 52635K, committed 53888K, reserved 1114112K
  class space    used 6774K, committed 7296K, reserved 1048576K
}
Event: 9.183 GC heap after
{Heap after GC invocations=19 (full 0):
 garbage-first heap   total 409600K, used 167440K [0x0000000597000000, 0x0000000800000000)
  region size 8192K, 3 young (24576K), 3 survivors (24576K)
 Metaspace       used 52635K, committed 53888K, reserved 1114112K
  class space    used 6774K, committed 7296K, reserved 1048576K
}
Event: 10.230 GC heap before
{Heap before GC invocations=19 (full 0):
 garbage-first heap   total 409600K, used 298512K [0x0000000597000000, 0x0000000800000000)
  region size 8192K, 20 young (163840K), 3 survivors (24576K)
 Metaspace       used 59540K, committed 60736K, reserved 1114112K
  class space    used 8376K, committed 8896K, reserved 1048576K
}
Event: 10.248 GC heap after
{Heap after GC invocations=20 (full 0):
 garbage-first heap   total 917504K, used 179296K [0x0000000597000000, 0x0000000800000000)
  region size 8192K, 2 young (16384K), 2 survivors (16384K)
 Metaspace       used 59540K, committed 60736K, reserved 1114112K
  class space    used 8376K, committed 8896K, reserved 1048576K
}
Event: 14.087 GC heap before
{Heap before GC invocations=21 (full 0):
 garbage-first heap   total 712704K, used 588896K [0x0000000597000000, 0x0000000800000000)
  region size 8192K, 52 young (425984K), 2 survivors (16384K)
 Metaspace       used 88078K, committed 89600K, reserved 1179648K
  class space    used 12959K, committed 13632K, reserved 1048576K
}
Event: 14.104 GC heap after
{Heap after GC invocations=22 (full 0):
 garbage-first heap   total 712704K, used 197445K [0x0000000597000000, 0x0000000800000000)
  region size 8192K, 4 young (32768K), 4 survivors (32768K)
 Metaspace       used 88078K, committed 89600K, reserved 1179648K
  class space    used 12959K, committed 13632K, reserved 1048576K
}
Event: 14.167 GC heap before
{Heap before GC invocations=22 (full 0):
 garbage-first heap   total 712704K, used 205637K [0x0000000597000000, 0x0000000800000000)
  region size 8192K, 5 young (40960K), 4 survivors (32768K)
 Metaspace       used 88403K, committed 89920K, reserved 1179648K
  class space    used 13025K, committed 13696K, reserved 1048576K
}
Event: 14.181 GC heap after
{Heap after GC invocations=23 (full 0):
 garbage-first heap   total 712704K, used 199139K [0x0000000597000000, 0x0000000800000000)
  region size 8192K, 1 young (8192K), 1 survivors (8192K)
 Metaspace       used 88403K, committed 89920K, reserved 1179648K
  class space    used 13025K, committed 13696K, reserved 1048576K
}
Event: 15.120 GC heap before
{Heap before GC invocations=23 (full 0):
 garbage-first heap   total 712704K, used 526819K [0x0000000597000000, 0x0000000800000000)
  region size 8192K, 41 young (335872K), 1 survivors (8192K)
 Metaspace       used 94070K, committed 95552K, reserved 1179648K
  class space    used 13917K, committed 14592K, reserved 1048576K
}
Event: 15.133 GC heap after
{Heap after GC invocations=24 (full 0):
 garbage-first heap   total 712704K, used 218331K [0x0000000597000000, 0x0000000800000000)
  region size 8192K, 3 young (24576K), 3 survivors (24576K)
 Metaspace       used 94070K, committed 95552K, reserved 1179648K
  class space    used 13917K, committed 14592K, reserved 1048576K
}
Event: 15.947 GC heap before
{Heap before GC invocations=25 (full 0):
 garbage-first heap   total 712704K, used 529627K [0x0000000597000000, 0x0000000800000000)
  region size 8192K, 42 young (344064K), 3 survivors (24576K)
 Metaspace       used 94958K, committed 96512K, reserved 1179648K
  class space    used 14060K, committed 14784K, reserved 1048576K
}
Event: 15.963 GC heap after
{Heap after GC invocations=26 (full 0):
 garbage-first heap   total 712704K, used 226972K [0x0000000597000000, 0x0000000800000000)
  region size 8192K, 4 young (32768K), 4 survivors (32768K)
 Metaspace       used 94958K, committed 96512K, reserved 1179648K
  class space    used 14060K, committed 14784K, reserved 1048576K
}
Event: 16.846 GC heap before
{Heap before GC invocations=26 (full 0):
 garbage-first heap   total 712704K, used 546460K [0x0000000597000000, 0x0000000800000000)
  region size 8192K, 43 young (352256K), 4 survivors (32768K)
 Metaspace       used 95470K, committed 97024K, reserved 1179648K
  class space    used 14101K, committed 14784K, reserved 1048576K
}
Event: 16.903 GC heap after
{Heap after GC invocations=27 (full 0):
 garbage-first heap   total 712704K, used 249820K [0x0000000597000000, 0x0000000800000000)
  region size 8192K, 5 young (40960K), 5 survivors (40960K)
 Metaspace       used 95470K, committed 97024K, reserved 1179648K
  class space    used 14101K, committed 14784K, reserved 1048576K
}
Event: 18.197 GC heap before
{Heap before GC invocations=27 (full 0):
 garbage-first heap   total 712704K, used 544732K [0x0000000597000000, 0x0000000800000000)
  region size 8192K, 41 young (335872K), 5 survivors (40960K)
 Metaspace       used 96060K, committed 97600K, reserved 1179648K
  class space    used 14165K, committed 14848K, reserved 1048576K
}
Event: 18.258 GC heap after
{Heap after GC invocations=28 (full 0):
 garbage-first heap   total 712704K, used 283401K [0x0000000597000000, 0x0000000800000000)
  region size 8192K, 6 young (49152K), 6 survivors (49152K)
 Metaspace       used 96060K, committed 97600K, reserved 1179648K
  class space    used 14165K, committed 14848K, reserved 1048576K
}

