# JRE version: OpenJDK Runtime Environment (17.0.11+9) (build 17.0.11+9-Ubuntu-122.04.1)
# Java VM: OpenJDK 64-Bit Server VM (17.0.11+9-Ubuntu-122.04.1, mixed mode, sharing, tiered, compressed oops, compressed class ptrs, g1 gc, linux-amd64)
Heap:
 garbage-first heap   total 712704K, used 336365K [0x0000000597000000, 0x0000000800000000)
  region size 8192K, 11 young (90112K), 5 survivors (40960K)
 Metaspace       used 96295K, committed 97792K, reserved 1179648K
  class space    used 14193K, committed 14848K, reserved 1048576K
GC Heap History (20 events):
Event: 7.748 GC heap before
{Heap before GC invocations=16 (full 0):
 garbage-first heap   total 409600K, used 136521K [0x0000000597000000, 0x0000000800000000)
  region size 8192K, 5 young (40960K), 4 survivors (32768K)
 Metaspace       used 46645K, committed 47872K, reserved 1114112K
  class space    used 5869K, committed 6400K, reserved 1048576K
}
Event: 7.763 GC heap after
{Heap after GC invocations=17 (full 0):
 garbage-first heap   total 409600K, used 128598K [0x0000000597000000, 0x0000000800000000)
  region size 8192K, 1 young (8192K), 1 survivors (8192K)
 Metaspace       used 46645K, committed 47872K, reserved 1114112K
  class space    used 5869K, committed 6400K, reserved 1048576K
}
Event: 8.391 GC heap before
{Heap before GC invocations=17 (full 0):
 garbage-first heap   total 409600K, used 317014K [0x0000000597000000, 0x0000000800000000)
  region size 8192K, 24 young (196608K), 1 survivors (8192K)
 Metaspace       used 48007K, committed 49216K, reserved 1114112K
  class space    used 6099K, committed 6656K, reserved 1048576K
}
Event: 8.403 GC heap after
{Heap after GC invocations=18 (full 0):
 garbage-first heap   total 409600K, used 147244K [0x0000000597000000, 0x0000000800000000)
  region size 8192K, 3 young (24576K), 3 survivors (24576K)
 Metaspace       used 48007K, committed 49216K, reserved 1114112K
  class space    used 6099K, committed 6656K, reserved 1048576K
}
Event: 9.158 GC heap before
{Heap before GC invocations=18 (full 0):
 garbage-first heap   total 409600K, used 311084K [0x0000000597000000, 0x0000000800000000)
  region size 8192K, 23 young (188416K), 3 survivors (24576K)
 Metaspace       used 52597K, committed 53888K, reserved 1114112K
  class space    used 6767K, committed 7360K, reserved 1048576K
}
Event: 9.184 GC heap after
{Heap after GC invocations=19 (full 0):
 garbage-first heap   total 409600K, used 168632K [0x0000000597000000, 0x0000000800000000)
  region size 8192K, 3 young (24576K), 3 survivors (24576K)
 Metaspace       used 52597K, committed 53888K, reserved 1114112K
  class space    used 6767K, committed 7360K, reserved 1048576K
}
Event: 10.383 GC heap before
{Heap before GC invocations=19 (full 0):
 garbage-first heap   total 409600K, used 299704K [0x0000000597000000, 0x0000000800000000)
  region size 8192K, 20 young (163840K), 3 survivors (24576K)
 Metaspace       used 59398K, committed 60608K, reserved 1114112K
  class space    used 8355K, committed 8896K, reserved 1048576K
}
Event: 10.402 GC heap after
{Heap after GC invocations=20 (full 0):
 garbage-first heap   total 925696K, used 181159K [0x0000000597000000, 0x0000000800000000)
  region size 8192K, 2 young (16384K), 2 survivors (16384K)
 Metaspace       used 59398K, committed 60608K, reserved 1114112K
  class space    used 8355K, committed 8896K, reserved 1048576K
}
Event: 14.349 GC heap before
{Heap before GC invocations=21 (full 0):
 garbage-first heap   total 712704K, used 590759K [0x0000000597000000, 0x0000000800000000)
  region size 8192K, 52 young (425984K), 2 survivors (16384K)
 Metaspace       used 88127K, committed 89600K, reserved 1179648K
  class space    used 12973K, committed 13632K, reserved 1048576K
}
Event: 14.373 GC heap after
{Heap after GC invocations=22 (full 0):
 garbage-first heap   total 712704K, used 197474K [0x0000000597000000, 0x0000000800000000)
  region size 8192K, 4 young (32768K), 4 survivors (32768K)
 Metaspace       used 88127K, committed 89600K, reserved 1179648K
  class space    used 12973K, committed 13632K, reserved 1048576K
}
Event: 14.431 GC heap before
{Heap before GC invocations=22 (full 0):
 garbage-first heap   total 712704K, used 205666K [0x0000000597000000, 0x0000000800000000)
  region size 8192K, 5 young (40960K), 4 survivors (32768K)
 Metaspace       used 88479K, committed 89920K, reserved 1179648K
  class space    used 13049K, committed 13696K, reserved 1048576K
}
Event: 14.446 GC heap after
{Heap after GC invocations=23 (full 0):
 garbage-first heap   total 712704K, used 200375K [0x0000000597000000, 0x0000000800000000)
  region size 8192K, 1 young (8192K), 1 survivors (8192K)
 Metaspace       used 88479K, committed 89920K, reserved 1179648K
  class space    used 13049K, committed 13696K, reserved 1048576K
}
Event: 15.276 GC heap before
{Heap before GC invocations=23 (full 0):
 garbage-first heap   total 712704K, used 528055K [0x0000000597000000, 0x0000000800000000)
  region size 8192K, 41 young (335872K), 1 survivors (8192K)
 Metaspace       used 92448K, committed 93888K, reserved 1179648K
  class space    used 13696K, committed 14336K, reserved 1048576K
}
Event: 15.291 GC heap after
{Heap after GC invocations=24 (full 0):
 garbage-first heap   total 712704K, used 221213K [0x0000000597000000, 0x0000000800000000)
  region size 8192K, 4 young (32768K), 4 survivors (32768K)
 Metaspace       used 92448K, committed 93888K, reserved 1179648K
  class space    used 13696K, committed 14336K, reserved 1048576K
}
Event: 15.949 GC heap before
{Heap before GC invocations=25 (full 0):
 garbage-first heap   total 712704K, used 524317K [0x0000000597000000, 0x0000000800000000)
  region size 8192K, 42 young (344064K), 4 survivors (32768K)
 Metaspace       used 94922K, committed 96384K, reserved 1179648K
  class space    used 14052K, committed 14720K, reserved 1048576K
}
Event: 15.966 GC heap after
{Heap after GC invocations=26 (full 0):
 garbage-first heap   total 712704K, used 228804K [0x0000000597000000, 0x0000000800000000)
  region size 8192K, 2 young (16384K), 2 survivors (16384K)
 Metaspace       used 94922K, committed 96384K, reserved 1179648K
  class space    used 14052K, committed 14720K, reserved 1048576K
}
Event: 16.808 GC heap before
{Heap before GC invocations=26 (full 0):
 garbage-first heap   total 712704K, used 540100K [0x0000000597000000, 0x0000000800000000)
  region size 8192K, 40 young (327680K), 2 survivors (16384K)
 Metaspace       used 95426K, committed 96960K, reserved 1179648K
  class space    used 14093K, committed 14784K, reserved 1048576K
}
Event: 16.829 GC heap after
{Heap after GC invocations=27 (full 0):
 garbage-first heap   total 712704K, used 254249K [0x0000000597000000, 0x0000000800000000)
  region size 8192K, 5 young (40960K), 5 survivors (40960K)
 Metaspace       used 95426K, committed 96960K, reserved 1179648K
  class space    used 14093K, committed 14784K, reserved 1048576K
}
Event: 18.264 GC heap before
{Heap before GC invocations=27 (full 0):
 garbage-first heap   total 712704K, used 540969K [0x0000000597000000, 0x0000000800000000)
  region size 8192K, 40 young (327680K), 5 survivors (40960K)
 Metaspace       used 96042K, committed 97536K, reserved 1179648K
  class space    used 14159K, committed 14848K, reserved 1048576K
}
Event: 18.343 GC heap after
{Heap after GC invocations=28 (full 0):
 garbage-first heap   total 712704K, used 288665K [0x0000000597000000, 0x0000000800000000)
  region size 8192K, 5 young (40960K), 5 survivors (40960K)
 Metaspace       used 96042K, committed 97536K, reserved 1179648K
  class space    used 14159K, committed 14848K, reserved 1048576K
}

